服务已启动
服务已启动
/login
/login
/login
服务已启动
/login
/login.html
/login.html
/login.html
/login.html
/login.html
/login.html
/login.html
/login.html
/login.html
/login.html
/login.html
/login.html
/login.html
/login.html
/login.html
/login.html
/login.html
/login.html
/login.html
服务已启动
服务已启动
服务已启动
服务已启动
服务已启动
服务已启动
服务已启动
服务已启动
服务已启动
服务已启动
服务已启动
服务已启动
服务已启动
服务已启动
/login.html
/login.js
/getData
服务已启动
/login
/main.html
/main.html
/main.html
/login.html
/login.js
/getData
/login.html
